2018-02-28 15:56:57,496 - Log4JLogChute initialized using file 'velocity.log'
2018-02-28 15:56:57,496 - Velocity was not initialized! Calling init()...
2018-02-28 15:56:57,496 - Starting Apache Velocity v1.5 (compiled: 2007-02-22 08:52:29)
2018-02-28 15:56:57,496 - Default Properties File: org/apache/velocity/runtime/defaults/velocity.properties
2018-02-28 15:56:57,496 - Trying to use logger class org.apache.velocity.runtime.log.AvalonLogChute
2018-02-28 15:56:57,497 - Couldn't find class org.apache.velocity.runtime.log.AvalonLogChute or necessary supporting classes in classpath.
java.lang.NoClassDefFoundError: org/apache/log/format/Formatter
	at java.base/java.lang.Class.forName0(Native Method)
	at java.base/java.lang.Class.forName(Class.java:375)
	at org.apache.velocity.util.ClassUtils.getClass(ClassUtils.java:63)
	at org.apache.velocity.util.ClassUtils.getNewInstance(ClassUtils.java:95)
	at org.apache.velocity.runtime.log.LogManager.createLogChute(LogManager.java:147)
	at org.apache.velocity.runtime.log.LogManager.updateLog(LogManager.java:208)
	at org.apache.velocity.runtime.RuntimeInstance.initializeLog(RuntimeInstance.java:728)
	at org.apache.velocity.runtime.RuntimeInstance.init(RuntimeInstance.java:240)
	at org.apache.velocity.runtime.RuntimeInstance.parse(RuntimeInstance.java:993)
	at org.apache.velocity.runtime.RuntimeInstance.parse(RuntimeInstance.java:972)
	at org.apache.velocity.runtime.RuntimeSingleton.parse(RuntimeSingleton.java:265)
	at org.apache.velocity.app.Velocity.evaluate(Velocity.java:274)
	at org.sonatype.mavenbook.weather.WeatherFormatter.format(WeatherFormatter.java:21)
	at org.sonatype.mavenbook.weather.yahoo.WeatherFormatterTest.testFormat(WeatherFormatterTest.java:23)
	at java.base/jdk.internal.reflect.NativeMethodAccessorImpl.invoke0(Native Method)
	at java.base/jdk.internal.reflect.NativeMethodAccessorImpl.invoke(NativeMethodAccessorImpl.java:62)
	at java.base/jdk.internal.reflect.DelegatingMethodAccessorImpl.invoke(DelegatingMethodAccessorImpl.java:43)
	at java.base/java.lang.reflect.Method.invoke(Method.java:564)
	at junit.framework.TestCase.runTest(TestCase.java:154)
	at junit.framework.TestCase.runBare(TestCase.java:127)
	at junit.framework.TestResult$1.protect(TestResult.java:106)
	at junit.framework.TestResult.runProtected(TestResult.java:124)
	at junit.framework.TestResult.run(TestResult.java:109)
	at junit.framework.TestCase.run(TestCase.java:118)
	at junit.framework.TestSuite.runTest(TestSuite.java:208)
	at junit.framework.TestSuite.run(TestSuite.java:203)
	at java.base/jdk.internal.reflect.NativeMethodAccessorImpl.invoke0(Native Method)
	at java.base/jdk.internal.reflect.NativeMethodAccessorImpl.invoke(NativeMethodAccessorImpl.java:62)
	at java.base/jdk.internal.reflect.DelegatingMethodAccessorImpl.invoke(DelegatingMethodAccessorImpl.java:43)
	at java.base/java.lang.reflect.Method.invoke(Method.java:564)
	at org.apache.maven.surefire.junit.JUnitTestSet.execute(JUnitTestSet.java:95)
	at org.apache.maven.surefire.junit.JUnit3Provider.executeTestSet(JUnit3Provider.java:121)
	at org.apache.maven.surefire.junit.JUnit3Provider.invoke(JUnit3Provider.java:98)
	at java.base/jdk.internal.reflect.NativeMethodAccessorImpl.invoke0(Native Method)
	at java.base/jdk.internal.reflect.NativeMethodAccessorImpl.invoke(NativeMethodAccessorImpl.java:62)
	at java.base/jdk.internal.reflect.DelegatingMethodAccessorImpl.invoke(DelegatingMethodAccessorImpl.java:43)
	at java.base/java.lang.reflect.Method.invoke(Method.java:564)
	at org.apache.maven.surefire.util.ReflectionUtils.invokeMethodWithArray(ReflectionUtils.java:189)
	at org.apache.maven.surefire.booter.ProviderFactory$ProviderProxy.invoke(ProviderFactory.java:165)
	at org.apache.maven.surefire.booter.ProviderFactory.invokeProvider(ProviderFactory.java:85)
	at org.apache.maven.surefire.booter.ForkedBooter.runSuitesInProcess(ForkedBooter.java:115)
	at org.apache.maven.surefire.booter.ForkedBooter.main(ForkedBooter.java:75)
Caused by: java.lang.ClassNotFoundException: org.apache.log.format.Formatter
	at java.base/jdk.internal.loader.BuiltinClassLoader.loadClass(BuiltinClassLoader.java:582)
	at java.base/jdk.internal.loader.ClassLoaders$AppClassLoader.loadClass(ClassLoaders.java:185)
	at java.base/java.lang.ClassLoader.loadClass(ClassLoader.java:496)
	... 42 more
2018-02-28 15:56:57,499 - Trying to use logger class org.apache.velocity.runtime.log.Log4JLogChute
2018-02-28 15:56:57,499 - Using logger class org.apache.velocity.runtime.log.Log4JLogChute
2018-02-28 15:56:57,501 - Default ResourceManager initializing. (class org.apache.velocity.runtime.resource.ResourceManagerImpl)
2018-02-28 15:56:57,504 - ResourceLoader instantiated: org.apache.velocity.runtime.resource.loader.FileResourceLoader
2018-02-28 15:56:57,505 - Do unicode file recognition:  false
2018-02-28 15:56:57,505 - FileResourceLoader : adding path '.'
2018-02-28 15:56:57,517 - ResourceCache: initialized (class org.apache.velocity.runtime.resource.ResourceCacheImpl)
2018-02-28 15:56:57,519 - Loaded System Directive: org.apache.velocity.runtime.directive.Literal
2018-02-28 15:56:57,520 - Loaded System Directive: org.apache.velocity.runtime.directive.Macro
2018-02-28 15:56:57,521 - Loaded System Directive: org.apache.velocity.runtime.directive.Parse
2018-02-28 15:56:57,522 - Loaded System Directive: org.apache.velocity.runtime.directive.Include
2018-02-28 15:56:57,523 - Loaded System Directive: org.apache.velocity.runtime.directive.Foreach
2018-02-28 15:56:57,546 - Created '20' parsers.
2018-02-28 15:56:57,550 - Velocimacro : "velocimacro.library" is not set.  Trying default library: VM_global_library.vm
2018-02-28 15:56:57,550 - Velocimacro : Default library not found.
2018-02-28 15:56:57,550 - Velocimacro : allowInline = true : VMs can be defined inline in templates
2018-02-28 15:56:57,550 - Velocimacro : allowInlineToOverride = false : VMs defined inline may NOT replace previous VM definitions
2018-02-28 15:56:57,550 - Velocimacro : allowInlineLocal = false : VMs defined inline will be global in scope if allowed.
2018-02-28 15:56:57,550 - Velocimacro : autoload off : VM system will not automatically reload global library macros
2018-02-28 15:58:18,130 - Log4JLogChute initialized using file 'velocity.log'
2018-02-28 15:58:18,130 - Velocity was not initialized! Calling init()...
2018-02-28 15:58:18,132 - Starting Apache Velocity v1.5 (compiled: 2007-02-22 08:52:29)
2018-02-28 15:58:18,132 - Default Properties File: org/apache/velocity/runtime/defaults/velocity.properties
2018-02-28 15:58:18,132 - Trying to use logger class org.apache.velocity.runtime.log.AvalonLogChute
2018-02-28 15:58:18,133 - Couldn't find class org.apache.velocity.runtime.log.AvalonLogChute or necessary supporting classes in classpath.
java.lang.NoClassDefFoundError: org/apache/log/format/Formatter
	at java.base/java.lang.Class.forName0(Native Method)
	at java.base/java.lang.Class.forName(Class.java:375)
	at org.apache.velocity.util.ClassUtils.getClass(ClassUtils.java:63)
	at org.apache.velocity.util.ClassUtils.getNewInstance(ClassUtils.java:95)
	at org.apache.velocity.runtime.log.LogManager.createLogChute(LogManager.java:147)
	at org.apache.velocity.runtime.log.LogManager.updateLog(LogManager.java:208)
	at org.apache.velocity.runtime.RuntimeInstance.initializeLog(RuntimeInstance.java:728)
	at org.apache.velocity.runtime.RuntimeInstance.init(RuntimeInstance.java:240)
	at org.apache.velocity.runtime.RuntimeInstance.parse(RuntimeInstance.java:993)
	at org.apache.velocity.runtime.RuntimeInstance.parse(RuntimeInstance.java:972)
	at org.apache.velocity.runtime.RuntimeSingleton.parse(RuntimeSingleton.java:265)
	at org.apache.velocity.app.Velocity.evaluate(Velocity.java:274)
	at org.sonatype.mavenbook.weather.WeatherFormatter.format(WeatherFormatter.java:21)
	at org.sonatype.mavenbook.weather.yahoo.WeatherFormatterTest.testFormat(WeatherFormatterTest.java:23)
	at java.base/jdk.internal.reflect.NativeMethodAccessorImpl.invoke0(Native Method)
	at java.base/jdk.internal.reflect.NativeMethodAccessorImpl.invoke(NativeMethodAccessorImpl.java:62)
	at java.base/jdk.internal.reflect.DelegatingMethodAccessorImpl.invoke(DelegatingMethodAccessorImpl.java:43)
	at java.base/java.lang.reflect.Method.invoke(Method.java:564)
	at junit.framework.TestCase.runTest(TestCase.java:154)
	at junit.framework.TestCase.runBare(TestCase.java:127)
	at junit.framework.TestResult$1.protect(TestResult.java:106)
	at junit.framework.TestResult.runProtected(TestResult.java:124)
	at junit.framework.TestResult.run(TestResult.java:109)
	at junit.framework.TestCase.run(TestCase.java:118)
	at junit.framework.TestSuite.runTest(TestSuite.java:208)
	at junit.framework.TestSuite.run(TestSuite.java:203)
	at java.base/jdk.internal.reflect.NativeMethodAccessorImpl.invoke0(Native Method)
	at java.base/jdk.internal.reflect.NativeMethodAccessorImpl.invoke(NativeMethodAccessorImpl.java:62)
	at java.base/jdk.internal.reflect.DelegatingMethodAccessorImpl.invoke(DelegatingMethodAccessorImpl.java:43)
	at java.base/java.lang.reflect.Method.invoke(Method.java:564)
	at org.apache.maven.surefire.junit.JUnitTestSet.execute(JUnitTestSet.java:95)
	at org.apache.maven.surefire.junit.JUnit3Provider.executeTestSet(JUnit3Provider.java:121)
	at org.apache.maven.surefire.junit.JUnit3Provider.invoke(JUnit3Provider.java:98)
	at java.base/jdk.internal.reflect.NativeMethodAccessorImpl.invoke0(Native Method)
	at java.base/jdk.internal.reflect.NativeMethodAccessorImpl.invoke(NativeMethodAccessorImpl.java:62)
	at java.base/jdk.internal.reflect.DelegatingMethodAccessorImpl.invoke(DelegatingMethodAccessorImpl.java:43)
	at java.base/java.lang.reflect.Method.invoke(Method.java:564)
	at org.apache.maven.surefire.util.ReflectionUtils.invokeMethodWithArray(ReflectionUtils.java:189)
	at org.apache.maven.surefire.booter.ProviderFactory$ProviderProxy.invoke(ProviderFactory.java:165)
	at org.apache.maven.surefire.booter.ProviderFactory.invokeProvider(ProviderFactory.java:85)
	at org.apache.maven.surefire.booter.ForkedBooter.runSuitesInProcess(ForkedBooter.java:115)
	at org.apache.maven.surefire.booter.ForkedBooter.main(ForkedBooter.java:75)
Caused by: java.lang.ClassNotFoundException: org.apache.log.format.Formatter
	at java.base/jdk.internal.loader.BuiltinClassLoader.loadClass(BuiltinClassLoader.java:582)
	at java.base/jdk.internal.loader.ClassLoaders$AppClassLoader.loadClass(ClassLoaders.java:185)
	at java.base/java.lang.ClassLoader.loadClass(ClassLoader.java:496)
	... 42 more
2018-02-28 15:58:18,134 - Trying to use logger class org.apache.velocity.runtime.log.Log4JLogChute
2018-02-28 15:58:18,134 - Using logger class org.apache.velocity.runtime.log.Log4JLogChute
2018-02-28 15:58:18,136 - Default ResourceManager initializing. (class org.apache.velocity.runtime.resource.ResourceManagerImpl)
2018-02-28 15:58:18,138 - ResourceLoader instantiated: org.apache.velocity.runtime.resource.loader.FileResourceLoader
2018-02-28 15:58:18,139 - Do unicode file recognition:  false
2018-02-28 15:58:18,139 - FileResourceLoader : adding path '.'
2018-02-28 15:58:18,151 - ResourceCache: initialized (class org.apache.velocity.runtime.resource.ResourceCacheImpl)
2018-02-28 15:58:18,153 - Loaded System Directive: org.apache.velocity.runtime.directive.Literal
2018-02-28 15:58:18,153 - Loaded System Directive: org.apache.velocity.runtime.directive.Macro
2018-02-28 15:58:18,154 - Loaded System Directive: org.apache.velocity.runtime.directive.Parse
2018-02-28 15:58:18,155 - Loaded System Directive: org.apache.velocity.runtime.directive.Include
2018-02-28 15:58:18,156 - Loaded System Directive: org.apache.velocity.runtime.directive.Foreach
2018-02-28 15:58:18,177 - Created '20' parsers.
2018-02-28 15:58:18,180 - Velocimacro : "velocimacro.library" is not set.  Trying default library: VM_global_library.vm
2018-02-28 15:58:18,181 - Velocimacro : Default library not found.
2018-02-28 15:58:18,181 - Velocimacro : allowInline = true : VMs can be defined inline in templates
2018-02-28 15:58:18,181 - Velocimacro : allowInlineToOverride = false : VMs defined inline may NOT replace previous VM definitions
2018-02-28 15:58:18,181 - Velocimacro : allowInlineLocal = false : VMs defined inline will be global in scope if allowed.
2018-02-28 15:58:18,181 - Velocimacro : autoload off : VM system will not automatically reload global library macros
2018-02-28 15:59:23,947 - Log4JLogChute initialized using file 'velocity.log'
2018-02-28 15:59:23,947 - Velocity was not initialized! Calling init()...
2018-02-28 15:59:23,947 - Starting Apache Velocity v1.5 (compiled: 2007-02-22 08:52:29)
2018-02-28 15:59:23,947 - Default Properties File: org/apache/velocity/runtime/defaults/velocity.properties
2018-02-28 15:59:23,948 - Trying to use logger class org.apache.velocity.runtime.log.AvalonLogChute
2018-02-28 15:59:23,948 - Couldn't find class org.apache.velocity.runtime.log.AvalonLogChute or necessary supporting classes in classpath.
java.lang.NoClassDefFoundError: org/apache/log/format/Formatter
	at java.base/java.lang.Class.forName0(Native Method)
	at java.base/java.lang.Class.forName(Class.java:375)
	at org.apache.velocity.util.ClassUtils.getClass(ClassUtils.java:63)
	at org.apache.velocity.util.ClassUtils.getNewInstance(ClassUtils.java:95)
	at org.apache.velocity.runtime.log.LogManager.createLogChute(LogManager.java:147)
	at org.apache.velocity.runtime.log.LogManager.updateLog(LogManager.java:208)
	at org.apache.velocity.runtime.RuntimeInstance.initializeLog(RuntimeInstance.java:728)
	at org.apache.velocity.runtime.RuntimeInstance.init(RuntimeInstance.java:240)
	at org.apache.velocity.runtime.RuntimeInstance.parse(RuntimeInstance.java:993)
	at org.apache.velocity.runtime.RuntimeInstance.parse(RuntimeInstance.java:972)
	at org.apache.velocity.runtime.RuntimeSingleton.parse(RuntimeSingleton.java:265)
	at org.apache.velocity.app.Velocity.evaluate(Velocity.java:274)
	at org.sonatype.mavenbook.weather.WeatherFormatter.format(WeatherFormatter.java:21)
	at org.sonatype.mavenbook.weather.yahoo.WeatherFormatterTest.testFormat(WeatherFormatterTest.java:23)
	at java.base/jdk.internal.reflect.NativeMethodAccessorImpl.invoke0(Native Method)
	at java.base/jdk.internal.reflect.NativeMethodAccessorImpl.invoke(NativeMethodAccessorImpl.java:62)
	at java.base/jdk.internal.reflect.DelegatingMethodAccessorImpl.invoke(DelegatingMethodAccessorImpl.java:43)
	at java.base/java.lang.reflect.Method.invoke(Method.java:564)
	at junit.framework.TestCase.runTest(TestCase.java:154)
	at junit.framework.TestCase.runBare(TestCase.java:127)
	at junit.framework.TestResult$1.protect(TestResult.java:106)
	at junit.framework.TestResult.runProtected(TestResult.java:124)
	at junit.framework.TestResult.run(TestResult.java:109)
	at junit.framework.TestCase.run(TestCase.java:118)
	at junit.framework.TestSuite.runTest(TestSuite.java:208)
	at junit.framework.TestSuite.run(TestSuite.java:203)
	at java.base/jdk.internal.reflect.NativeMethodAccessorImpl.invoke0(Native Method)
	at java.base/jdk.internal.reflect.NativeMethodAccessorImpl.invoke(NativeMethodAccessorImpl.java:62)
	at java.base/jdk.internal.reflect.DelegatingMethodAccessorImpl.invoke(DelegatingMethodAccessorImpl.java:43)
	at java.base/java.lang.reflect.Method.invoke(Method.java:564)
	at org.apache.maven.surefire.junit.JUnitTestSet.execute(JUnitTestSet.java:95)
	at org.apache.maven.surefire.junit.JUnit3Provider.executeTestSet(JUnit3Provider.java:121)
	at org.apache.maven.surefire.junit.JUnit3Provider.invoke(JUnit3Provider.java:98)
	at java.base/jdk.internal.reflect.NativeMethodAccessorImpl.invoke0(Native Method)
	at java.base/jdk.internal.reflect.NativeMethodAccessorImpl.invoke(NativeMethodAccessorImpl.java:62)
	at java.base/jdk.internal.reflect.DelegatingMethodAccessorImpl.invoke(DelegatingMethodAccessorImpl.java:43)
	at java.base/java.lang.reflect.Method.invoke(Method.java:564)
	at org.apache.maven.surefire.util.ReflectionUtils.invokeMethodWithArray(ReflectionUtils.java:189)
	at org.apache.maven.surefire.booter.ProviderFactory$ProviderProxy.invoke(ProviderFactory.java:165)
	at org.apache.maven.surefire.booter.ProviderFactory.invokeProvider(ProviderFactory.java:85)
	at org.apache.maven.surefire.booter.ForkedBooter.runSuitesInProcess(ForkedBooter.java:115)
	at org.apache.maven.surefire.booter.ForkedBooter.main(ForkedBooter.java:75)
Caused by: java.lang.ClassNotFoundException: org.apache.log.format.Formatter
	at java.base/jdk.internal.loader.BuiltinClassLoader.loadClass(BuiltinClassLoader.java:582)
	at java.base/jdk.internal.loader.ClassLoaders$AppClassLoader.loadClass(ClassLoaders.java:185)
	at java.base/java.lang.ClassLoader.loadClass(ClassLoader.java:496)
	... 42 more
2018-02-28 15:59:23,951 - Trying to use logger class org.apache.velocity.runtime.log.Log4JLogChute
2018-02-28 15:59:23,951 - Using logger class org.apache.velocity.runtime.log.Log4JLogChute
2018-02-28 15:59:23,953 - Default ResourceManager initializing. (class org.apache.velocity.runtime.resource.ResourceManagerImpl)
2018-02-28 15:59:23,956 - ResourceLoader instantiated: org.apache.velocity.runtime.resource.loader.FileResourceLoader
2018-02-28 15:59:23,957 - Do unicode file recognition:  false
2018-02-28 15:59:23,957 - FileResourceLoader : adding path '.'
2018-02-28 15:59:23,967 - ResourceCache: initialized (class org.apache.velocity.runtime.resource.ResourceCacheImpl)
2018-02-28 15:59:23,968 - Loaded System Directive: org.apache.velocity.runtime.directive.Literal
2018-02-28 15:59:23,970 - Loaded System Directive: org.apache.velocity.runtime.directive.Macro
2018-02-28 15:59:23,971 - Loaded System Directive: org.apache.velocity.runtime.directive.Parse
2018-02-28 15:59:23,972 - Loaded System Directive: org.apache.velocity.runtime.directive.Include
2018-02-28 15:59:23,973 - Loaded System Directive: org.apache.velocity.runtime.directive.Foreach
2018-02-28 15:59:23,994 - Created '20' parsers.
2018-02-28 15:59:24,000 - Velocimacro : "velocimacro.library" is not set.  Trying default library: VM_global_library.vm
2018-02-28 15:59:24,002 - Velocimacro : Default library not found.
2018-02-28 15:59:24,002 - Velocimacro : allowInline = true : VMs can be defined inline in templates
2018-02-28 15:59:24,003 - Velocimacro : allowInlineToOverride = false : VMs defined inline may NOT replace previous VM definitions
2018-02-28 15:59:24,003 - Velocimacro : allowInlineLocal = false : VMs defined inline will be global in scope if allowed.
2018-02-28 15:59:24,003 - Velocimacro : autoload off : VM system will not automatically reload global library macros
2018-02-28 16:00:08,416 - Log4JLogChute initialized using file 'velocity.log'
2018-02-28 16:00:08,416 - Velocity was not initialized! Calling init()...
2018-02-28 16:00:08,417 - Starting Apache Velocity v1.5 (compiled: 2007-02-22 08:52:29)
2018-02-28 16:00:08,417 - Default Properties File: org/apache/velocity/runtime/defaults/velocity.properties
2018-02-28 16:00:08,417 - Trying to use logger class org.apache.velocity.runtime.log.AvalonLogChute
2018-02-28 16:00:08,418 - Couldn't find class org.apache.velocity.runtime.log.AvalonLogChute or necessary supporting classes in classpath.
java.lang.NoClassDefFoundError: org/apache/log/format/Formatter
	at java.base/java.lang.Class.forName0(Native Method)
	at java.base/java.lang.Class.forName(Class.java:375)
	at org.apache.velocity.util.ClassUtils.getClass(ClassUtils.java:63)
	at org.apache.velocity.util.ClassUtils.getNewInstance(ClassUtils.java:95)
	at org.apache.velocity.runtime.log.LogManager.createLogChute(LogManager.java:147)
	at org.apache.velocity.runtime.log.LogManager.updateLog(LogManager.java:208)
	at org.apache.velocity.runtime.RuntimeInstance.initializeLog(RuntimeInstance.java:728)
	at org.apache.velocity.runtime.RuntimeInstance.init(RuntimeInstance.java:240)
	at org.apache.velocity.runtime.RuntimeInstance.parse(RuntimeInstance.java:993)
	at org.apache.velocity.runtime.RuntimeInstance.parse(RuntimeInstance.java:972)
	at org.apache.velocity.runtime.RuntimeSingleton.parse(RuntimeSingleton.java:265)
	at org.apache.velocity.app.Velocity.evaluate(Velocity.java:274)
	at org.sonatype.mavenbook.weather.WeatherFormatter.format(WeatherFormatter.java:21)
	at org.sonatype.mavenbook.weather.yahoo.WeatherFormatterTest.testFormat(WeatherFormatterTest.java:23)
	at java.base/jdk.internal.reflect.NativeMethodAccessorImpl.invoke0(Native Method)
	at java.base/jdk.internal.reflect.NativeMethodAccessorImpl.invoke(NativeMethodAccessorImpl.java:62)
	at java.base/jdk.internal.reflect.DelegatingMethodAccessorImpl.invoke(DelegatingMethodAccessorImpl.java:43)
	at java.base/java.lang.reflect.Method.invoke(Method.java:564)
	at junit.framework.TestCase.runTest(TestCase.java:154)
	at junit.framework.TestCase.runBare(TestCase.java:127)
	at junit.framework.TestResult$1.protect(TestResult.java:106)
	at junit.framework.TestResult.runProtected(TestResult.java:124)
	at junit.framework.TestResult.run(TestResult.java:109)
	at junit.framework.TestCase.run(TestCase.java:118)
	at junit.framework.TestSuite.runTest(TestSuite.java:208)
	at junit.framework.TestSuite.run(TestSuite.java:203)
	at java.base/jdk.internal.reflect.NativeMethodAccessorImpl.invoke0(Native Method)
	at java.base/jdk.internal.reflect.NativeMethodAccessorImpl.invoke(NativeMethodAccessorImpl.java:62)
	at java.base/jdk.internal.reflect.DelegatingMethodAccessorImpl.invoke(DelegatingMethodAccessorImpl.java:43)
	at java.base/java.lang.reflect.Method.invoke(Method.java:564)
	at org.apache.maven.surefire.junit.JUnitTestSet.execute(JUnitTestSet.java:95)
	at org.apache.maven.surefire.junit.JUnit3Provider.executeTestSet(JUnit3Provider.java:121)
	at org.apache.maven.surefire.junit.JUnit3Provider.invoke(JUnit3Provider.java:98)
	at java.base/jdk.internal.reflect.NativeMethodAccessorImpl.invoke0(Native Method)
	at java.base/jdk.internal.reflect.NativeMethodAccessorImpl.invoke(NativeMethodAccessorImpl.java:62)
	at java.base/jdk.internal.reflect.DelegatingMethodAccessorImpl.invoke(DelegatingMethodAccessorImpl.java:43)
	at java.base/java.lang.reflect.Method.invoke(Method.java:564)
	at org.apache.maven.surefire.util.ReflectionUtils.invokeMethodWithArray(ReflectionUtils.java:189)
	at org.apache.maven.surefire.booter.ProviderFactory$ProviderProxy.invoke(ProviderFactory.java:165)
	at org.apache.maven.surefire.booter.ProviderFactory.invokeProvider(ProviderFactory.java:85)
	at org.apache.maven.surefire.booter.ForkedBooter.runSuitesInProcess(ForkedBooter.java:115)
	at org.apache.maven.surefire.booter.ForkedBooter.main(ForkedBooter.java:75)
Caused by: java.lang.ClassNotFoundException: org.apache.log.format.Formatter
	at java.base/jdk.internal.loader.BuiltinClassLoader.loadClass(BuiltinClassLoader.java:582)
	at java.base/jdk.internal.loader.ClassLoaders$AppClassLoader.loadClass(ClassLoaders.java:185)
	at java.base/java.lang.ClassLoader.loadClass(ClassLoader.java:496)
	... 42 more
2018-02-28 16:00:08,420 - Trying to use logger class org.apache.velocity.runtime.log.Log4JLogChute
2018-02-28 16:00:08,420 - Using logger class org.apache.velocity.runtime.log.Log4JLogChute
2018-02-28 16:00:08,422 - Default ResourceManager initializing. (class org.apache.velocity.runtime.resource.ResourceManagerImpl)
2018-02-28 16:00:08,424 - ResourceLoader instantiated: org.apache.velocity.runtime.resource.loader.FileResourceLoader
2018-02-28 16:00:08,425 - Do unicode file recognition:  false
2018-02-28 16:00:08,425 - FileResourceLoader : adding path '.'
2018-02-28 16:00:08,437 - ResourceCache: initialized (class org.apache.velocity.runtime.resource.ResourceCacheImpl)
2018-02-28 16:00:08,438 - Loaded System Directive: org.apache.velocity.runtime.directive.Literal
2018-02-28 16:00:08,440 - Loaded System Directive: org.apache.velocity.runtime.directive.Macro
2018-02-28 16:00:08,440 - Loaded System Directive: org.apache.velocity.runtime.directive.Parse
2018-02-28 16:00:08,441 - Loaded System Directive: org.apache.velocity.runtime.directive.Include
2018-02-28 16:00:08,442 - Loaded System Directive: org.apache.velocity.runtime.directive.Foreach
2018-02-28 16:00:08,457 - Created '20' parsers.
2018-02-28 16:00:08,461 - Velocimacro : "velocimacro.library" is not set.  Trying default library: VM_global_library.vm
2018-02-28 16:00:08,461 - Velocimacro : Default library not found.
2018-02-28 16:00:08,461 - Velocimacro : allowInline = true : VMs can be defined inline in templates
2018-02-28 16:00:08,462 - Velocimacro : allowInlineToOverride = false : VMs defined inline may NOT replace previous VM definitions
2018-02-28 16:00:08,462 - Velocimacro : allowInlineLocal = false : VMs defined inline will be global in scope if allowed.
2018-02-28 16:00:08,462 - Velocimacro : autoload off : VM system will not automatically reload global library macros
2018-02-28 16:01:32,637 - Log4JLogChute initialized using file 'velocity.log'
2018-02-28 16:01:32,638 - Velocity was not initialized! Calling init()...
2018-02-28 16:01:32,638 - Starting Apache Velocity v1.5 (compiled: 2007-02-22 08:52:29)
2018-02-28 16:01:32,638 - Default Properties File: org/apache/velocity/runtime/defaults/velocity.properties
2018-02-28 16:01:32,638 - Trying to use logger class org.apache.velocity.runtime.log.AvalonLogChute
2018-02-28 16:01:32,639 - Couldn't find class org.apache.velocity.runtime.log.AvalonLogChute or necessary supporting classes in classpath.
java.lang.NoClassDefFoundError: org/apache/log/format/Formatter
	at java.base/java.lang.Class.forName0(Native Method)
	at java.base/java.lang.Class.forName(Class.java:375)
	at org.apache.velocity.util.ClassUtils.getClass(ClassUtils.java:63)
	at org.apache.velocity.util.ClassUtils.getNewInstance(ClassUtils.java:95)
	at org.apache.velocity.runtime.log.LogManager.createLogChute(LogManager.java:147)
	at org.apache.velocity.runtime.log.LogManager.updateLog(LogManager.java:208)
	at org.apache.velocity.runtime.RuntimeInstance.initializeLog(RuntimeInstance.java:728)
	at org.apache.velocity.runtime.RuntimeInstance.init(RuntimeInstance.java:240)
	at org.apache.velocity.runtime.RuntimeInstance.parse(RuntimeInstance.java:993)
	at org.apache.velocity.runtime.RuntimeInstance.parse(RuntimeInstance.java:972)
	at org.apache.velocity.runtime.RuntimeSingleton.parse(RuntimeSingleton.java:265)
	at org.apache.velocity.app.Velocity.evaluate(Velocity.java:274)
	at org.sonatype.mavenbook.weather.WeatherFormatter.format(WeatherFormatter.java:21)
	at org.sonatype.mavenbook.weather.yahoo.WeatherFormatterTest.testFormat(WeatherFormatterTest.java:23)
	at java.base/jdk.internal.reflect.NativeMethodAccessorImpl.invoke0(Native Method)
	at java.base/jdk.internal.reflect.NativeMethodAccessorImpl.invoke(NativeMethodAccessorImpl.java:62)
	at java.base/jdk.internal.reflect.DelegatingMethodAccessorImpl.invoke(DelegatingMethodAccessorImpl.java:43)
	at java.base/java.lang.reflect.Method.invoke(Method.java:564)
	at junit.framework.TestCase.runTest(TestCase.java:154)
	at junit.framework.TestCase.runBare(TestCase.java:127)
	at junit.framework.TestResult$1.protect(TestResult.java:106)
	at junit.framework.TestResult.runProtected(TestResult.java:124)
	at junit.framework.TestResult.run(TestResult.java:109)
	at junit.framework.TestCase.run(TestCase.java:118)
	at junit.framework.TestSuite.runTest(TestSuite.java:208)
	at junit.framework.TestSuite.run(TestSuite.java:203)
	at java.base/jdk.internal.reflect.NativeMethodAccessorImpl.invoke0(Native Method)
	at java.base/jdk.internal.reflect.NativeMethodAccessorImpl.invoke(NativeMethodAccessorImpl.java:62)
	at java.base/jdk.internal.reflect.DelegatingMethodAccessorImpl.invoke(DelegatingMethodAccessorImpl.java:43)
	at java.base/java.lang.reflect.Method.invoke(Method.java:564)
	at org.apache.maven.surefire.junit.JUnitTestSet.execute(JUnitTestSet.java:95)
	at org.apache.maven.surefire.junit.JUnit3Provider.executeTestSet(JUnit3Provider.java:121)
	at org.apache.maven.surefire.junit.JUnit3Provider.invoke(JUnit3Provider.java:98)
	at java.base/jdk.internal.reflect.NativeMethodAccessorImpl.invoke0(Native Method)
	at java.base/jdk.internal.reflect.NativeMethodAccessorImpl.invoke(NativeMethodAccessorImpl.java:62)
	at java.base/jdk.internal.reflect.DelegatingMethodAccessorImpl.invoke(DelegatingMethodAccessorImpl.java:43)
	at java.base/java.lang.reflect.Method.invoke(Method.java:564)
	at org.apache.maven.surefire.util.ReflectionUtils.invokeMethodWithArray(ReflectionUtils.java:189)
	at org.apache.maven.surefire.booter.ProviderFactory$ProviderProxy.invoke(ProviderFactory.java:165)
	at org.apache.maven.surefire.booter.ProviderFactory.invokeProvider(ProviderFactory.java:85)
	at org.apache.maven.surefire.booter.ForkedBooter.runSuitesInProcess(ForkedBooter.java:115)
	at org.apache.maven.surefire.booter.ForkedBooter.main(ForkedBooter.java:75)
Caused by: java.lang.ClassNotFoundException: org.apache.log.format.Formatter
	at java.base/jdk.internal.loader.BuiltinClassLoader.loadClass(BuiltinClassLoader.java:582)
	at java.base/jdk.internal.loader.ClassLoaders$AppClassLoader.loadClass(ClassLoaders.java:185)
	at java.base/java.lang.ClassLoader.loadClass(ClassLoader.java:496)
	... 42 more
2018-02-28 16:01:32,643 - Trying to use logger class org.apache.velocity.runtime.log.Log4JLogChute
2018-02-28 16:01:32,643 - Using logger class org.apache.velocity.runtime.log.Log4JLogChute
2018-02-28 16:01:32,644 - Default ResourceManager initializing. (class org.apache.velocity.runtime.resource.ResourceManagerImpl)
2018-02-28 16:01:32,646 - ResourceLoader instantiated: org.apache.velocity.runtime.resource.loader.FileResourceLoader
2018-02-28 16:01:32,647 - Do unicode file recognition:  false
2018-02-28 16:01:32,647 - FileResourceLoader : adding path '.'
2018-02-28 16:01:32,659 - ResourceCache: initialized (class org.apache.velocity.runtime.resource.ResourceCacheImpl)
2018-02-28 16:01:32,662 - Loaded System Directive: org.apache.velocity.runtime.directive.Literal
2018-02-28 16:01:32,665 - Loaded System Directive: org.apache.velocity.runtime.directive.Macro
2018-02-28 16:01:32,666 - Loaded System Directive: org.apache.velocity.runtime.directive.Parse
2018-02-28 16:01:32,668 - Loaded System Directive: org.apache.velocity.runtime.directive.Include
2018-02-28 16:01:32,669 - Loaded System Directive: org.apache.velocity.runtime.directive.Foreach
2018-02-28 16:01:32,695 - Created '20' parsers.
2018-02-28 16:01:32,699 - Velocimacro : "velocimacro.library" is not set.  Trying default library: VM_global_library.vm
2018-02-28 16:01:32,699 - Velocimacro : Default library not found.
2018-02-28 16:01:32,699 - Velocimacro : allowInline = true : VMs can be defined inline in templates
2018-02-28 16:01:32,699 - Velocimacro : allowInlineToOverride = false : VMs defined inline may NOT replace previous VM definitions
2018-02-28 16:01:32,699 - Velocimacro : allowInlineLocal = false : VMs defined inline will be global in scope if allowed.
2018-02-28 16:01:32,699 - Velocimacro : autoload off : VM system will not automatically reload global library macros
2018-02-28 16:03:01,186 - Log4JLogChute initialized using file 'velocity.log'
2018-02-28 16:03:01,189 - Velocity was not initialized! Calling init()...
2018-02-28 16:03:01,189 - Starting Apache Velocity v1.5 (compiled: 2007-02-22 08:52:29)
2018-02-28 16:03:01,189 - Default Properties File: org/apache/velocity/runtime/defaults/velocity.properties
2018-02-28 16:03:01,189 - Trying to use logger class org.apache.velocity.runtime.log.AvalonLogChute
2018-02-28 16:03:01,191 - Couldn't find class org.apache.velocity.runtime.log.AvalonLogChute or necessary supporting classes in classpath.
java.lang.NoClassDefFoundError: org/apache/log/format/Formatter
	at java.base/java.lang.Class.forName0(Native Method)
	at java.base/java.lang.Class.forName(Class.java:375)
	at org.apache.velocity.util.ClassUtils.getClass(ClassUtils.java:63)
	at org.apache.velocity.util.ClassUtils.getNewInstance(ClassUtils.java:95)
	at org.apache.velocity.runtime.log.LogManager.createLogChute(LogManager.java:147)
	at org.apache.velocity.runtime.log.LogManager.updateLog(LogManager.java:208)
	at org.apache.velocity.runtime.RuntimeInstance.initializeLog(RuntimeInstance.java:728)
	at org.apache.velocity.runtime.RuntimeInstance.init(RuntimeInstance.java:240)
	at org.apache.velocity.runtime.RuntimeInstance.parse(RuntimeInstance.java:993)
	at org.apache.velocity.runtime.RuntimeInstance.parse(RuntimeInstance.java:972)
	at org.apache.velocity.runtime.RuntimeSingleton.parse(RuntimeSingleton.java:265)
	at org.apache.velocity.app.Velocity.evaluate(Velocity.java:274)
	at org.sonatype.mavenbook.weather.WeatherFormatter.format(WeatherFormatter.java:21)
	at org.sonatype.mavenbook.weather.yahoo.WeatherFormatterTest.testFormat(WeatherFormatterTest.java:23)
	at java.base/jdk.internal.reflect.NativeMethodAccessorImpl.invoke0(Native Method)
	at java.base/jdk.internal.reflect.NativeMethodAccessorImpl.invoke(NativeMethodAccessorImpl.java:62)
	at java.base/jdk.internal.reflect.DelegatingMethodAccessorImpl.invoke(DelegatingMethodAccessorImpl.java:43)
	at java.base/java.lang.reflect.Method.invoke(Method.java:564)
	at junit.framework.TestCase.runTest(TestCase.java:154)
	at junit.framework.TestCase.runBare(TestCase.java:127)
	at junit.framework.TestResult$1.protect(TestResult.java:106)
	at junit.framework.TestResult.runProtected(TestResult.java:124)
	at junit.framework.TestResult.run(TestResult.java:109)
	at junit.framework.TestCase.run(TestCase.java:118)
	at junit.framework.TestSuite.runTest(TestSuite.java:208)
	at junit.framework.TestSuite.run(TestSuite.java:203)
	at java.base/jdk.internal.reflect.NativeMethodAccessorImpl.invoke0(Native Method)
	at java.base/jdk.internal.reflect.NativeMethodAccessorImpl.invoke(NativeMethodAccessorImpl.java:62)
	at java.base/jdk.internal.reflect.DelegatingMethodAccessorImpl.invoke(DelegatingMethodAccessorImpl.java:43)
	at java.base/java.lang.reflect.Method.invoke(Method.java:564)
	at org.apache.maven.surefire.junit.JUnitTestSet.execute(JUnitTestSet.java:95)
	at org.apache.maven.surefire.junit.JUnit3Provider.executeTestSet(JUnit3Provider.java:121)
	at org.apache.maven.surefire.junit.JUnit3Provider.invoke(JUnit3Provider.java:98)
	at java.base/jdk.internal.reflect.NativeMethodAccessorImpl.invoke0(Native Method)
	at java.base/jdk.internal.reflect.NativeMethodAccessorImpl.invoke(NativeMethodAccessorImpl.java:62)
	at java.base/jdk.internal.reflect.DelegatingMethodAccessorImpl.invoke(DelegatingMethodAccessorImpl.java:43)
	at java.base/java.lang.reflect.Method.invoke(Method.java:564)
	at org.apache.maven.surefire.util.ReflectionUtils.invokeMethodWithArray(ReflectionUtils.java:189)
	at org.apache.maven.surefire.booter.ProviderFactory$ProviderProxy.invoke(ProviderFactory.java:165)
	at org.apache.maven.surefire.booter.ProviderFactory.invokeProvider(ProviderFactory.java:85)
	at org.apache.maven.surefire.booter.ForkedBooter.runSuitesInProcess(ForkedBooter.java:115)
	at org.apache.maven.surefire.booter.ForkedBooter.main(ForkedBooter.java:75)
Caused by: java.lang.ClassNotFoundException: org.apache.log.format.Formatter
	at java.base/jdk.internal.loader.BuiltinClassLoader.loadClass(BuiltinClassLoader.java:582)
	at java.base/jdk.internal.loader.ClassLoaders$AppClassLoader.loadClass(ClassLoaders.java:185)
	at java.base/java.lang.ClassLoader.loadClass(ClassLoader.java:496)
	... 42 more
2018-02-28 16:03:01,194 - Trying to use logger class org.apache.velocity.runtime.log.Log4JLogChute
2018-02-28 16:03:01,194 - Using logger class org.apache.velocity.runtime.log.Log4JLogChute
2018-02-28 16:03:01,195 - Default ResourceManager initializing. (class org.apache.velocity.runtime.resource.ResourceManagerImpl)
2018-02-28 16:03:01,198 - ResourceLoader instantiated: org.apache.velocity.runtime.resource.loader.FileResourceLoader
2018-02-28 16:03:01,199 - Do unicode file recognition:  false
2018-02-28 16:03:01,199 - FileResourceLoader : adding path '.'
2018-02-28 16:03:01,213 - ResourceCache: initialized (class org.apache.velocity.runtime.resource.ResourceCacheImpl)
2018-02-28 16:03:01,214 - Loaded System Directive: org.apache.velocity.runtime.directive.Literal
2018-02-28 16:03:01,215 - Loaded System Directive: org.apache.velocity.runtime.directive.Macro
2018-02-28 16:03:01,217 - Loaded System Directive: org.apache.velocity.runtime.directive.Parse
2018-02-28 16:03:01,219 - Loaded System Directive: org.apache.velocity.runtime.directive.Include
2018-02-28 16:03:01,219 - Loaded System Directive: org.apache.velocity.runtime.directive.Foreach
2018-02-28 16:03:01,240 - Created '20' parsers.
2018-02-28 16:03:01,243 - Velocimacro : "velocimacro.library" is not set.  Trying default library: VM_global_library.vm
2018-02-28 16:03:01,243 - Velocimacro : Default library not found.
2018-02-28 16:03:01,243 - Velocimacro : allowInline = true : VMs can be defined inline in templates
2018-02-28 16:03:01,243 - Velocimacro : allowInlineToOverride = false : VMs defined inline may NOT replace previous VM definitions
2018-02-28 16:03:01,243 - Velocimacro : allowInlineLocal = false : VMs defined inline will be global in scope if allowed.
2018-02-28 16:03:01,243 - Velocimacro : autoload off : VM system will not automatically reload global library macros
2018-02-28 16:17:32,539 - Log4JLogChute initialized using file 'velocity.log'
2018-02-28 16:17:32,540 - Velocity was not initialized! Calling init()...
2018-02-28 16:17:32,540 - Starting Apache Velocity v1.5 (compiled: 2007-02-22 08:52:29)
2018-02-28 16:17:32,540 - Default Properties File: org/apache/velocity/runtime/defaults/velocity.properties
2018-02-28 16:17:32,540 - Trying to use logger class org.apache.velocity.runtime.log.AvalonLogChute
2018-02-28 16:17:32,542 - Couldn't find class org.apache.velocity.runtime.log.AvalonLogChute or necessary supporting classes in classpath.
java.lang.NoClassDefFoundError: org/apache/log/format/Formatter
	at java.base/java.lang.Class.forName0(Native Method)
	at java.base/java.lang.Class.forName(Class.java:375)
	at org.apache.velocity.util.ClassUtils.getClass(ClassUtils.java:63)
	at org.apache.velocity.util.ClassUtils.getNewInstance(ClassUtils.java:95)
	at org.apache.velocity.runtime.log.LogManager.createLogChute(LogManager.java:147)
	at org.apache.velocity.runtime.log.LogManager.updateLog(LogManager.java:208)
	at org.apache.velocity.runtime.RuntimeInstance.initializeLog(RuntimeInstance.java:728)
	at org.apache.velocity.runtime.RuntimeInstance.init(RuntimeInstance.java:240)
	at org.apache.velocity.runtime.RuntimeInstance.parse(RuntimeInstance.java:993)
	at org.apache.velocity.runtime.RuntimeInstance.parse(RuntimeInstance.java:972)
	at org.apache.velocity.runtime.RuntimeSingleton.parse(RuntimeSingleton.java:265)
	at org.apache.velocity.app.Velocity.evaluate(Velocity.java:274)
	at org.sonatype.mavenbook.weather.WeatherFormatter.format(WeatherFormatter.java:21)
	at org.sonatype.mavenbook.weather.yahoo.WeatherFormatterTest.testFormat(WeatherFormatterTest.java:23)
	at java.base/jdk.internal.reflect.NativeMethodAccessorImpl.invoke0(Native Method)
	at java.base/jdk.internal.reflect.NativeMethodAccessorImpl.invoke(NativeMethodAccessorImpl.java:62)
	at java.base/jdk.internal.reflect.DelegatingMethodAccessorImpl.invoke(DelegatingMethodAccessorImpl.java:43)
	at java.base/java.lang.reflect.Method.invoke(Method.java:564)
	at junit.framework.TestCase.runTest(TestCase.java:154)
	at junit.framework.TestCase.runBare(TestCase.java:127)
	at junit.framework.TestResult$1.protect(TestResult.java:106)
	at junit.framework.TestResult.runProtected(TestResult.java:124)
	at junit.framework.TestResult.run(TestResult.java:109)
	at junit.framework.TestCase.run(TestCase.java:118)
	at junit.framework.TestSuite.runTest(TestSuite.java:208)
	at junit.framework.TestSuite.run(TestSuite.java:203)
	at java.base/jdk.internal.reflect.NativeMethodAccessorImpl.invoke0(Native Method)
	at java.base/jdk.internal.reflect.NativeMethodAccessorImpl.invoke(NativeMethodAccessorImpl.java:62)
	at java.base/jdk.internal.reflect.DelegatingMethodAccessorImpl.invoke(DelegatingMethodAccessorImpl.java:43)
	at java.base/java.lang.reflect.Method.invoke(Method.java:564)
	at org.apache.maven.surefire.junit.JUnitTestSet.execute(JUnitTestSet.java:95)
	at org.apache.maven.surefire.junit.JUnit3Provider.executeTestSet(JUnit3Provider.java:121)
	at org.apache.maven.surefire.junit.JUnit3Provider.invoke(JUnit3Provider.java:98)
	at java.base/jdk.internal.reflect.NativeMethodAccessorImpl.invoke0(Native Method)
	at java.base/jdk.internal.reflect.NativeMethodAccessorImpl.invoke(NativeMethodAccessorImpl.java:62)
	at java.base/jdk.internal.reflect.DelegatingMethodAccessorImpl.invoke(DelegatingMethodAccessorImpl.java:43)
	at java.base/java.lang.reflect.Method.invoke(Method.java:564)
	at org.apache.maven.surefire.util.ReflectionUtils.invokeMethodWithArray(ReflectionUtils.java:189)
	at org.apache.maven.surefire.booter.ProviderFactory$ProviderProxy.invoke(ProviderFactory.java:165)
	at org.apache.maven.surefire.booter.ProviderFactory.invokeProvider(ProviderFactory.java:85)
	at org.apache.maven.surefire.booter.ForkedBooter.runSuitesInProcess(ForkedBooter.java:115)
	at org.apache.maven.surefire.booter.ForkedBooter.main(ForkedBooter.java:75)
Caused by: java.lang.ClassNotFoundException: org.apache.log.format.Formatter
	at java.base/jdk.internal.loader.BuiltinClassLoader.loadClass(BuiltinClassLoader.java:582)
	at java.base/jdk.internal.loader.ClassLoaders$AppClassLoader.loadClass(ClassLoaders.java:185)
	at java.base/java.lang.ClassLoader.loadClass(ClassLoader.java:496)
	... 42 more
2018-02-28 16:17:32,545 - Trying to use logger class org.apache.velocity.runtime.log.Log4JLogChute
2018-02-28 16:17:32,545 - Using logger class org.apache.velocity.runtime.log.Log4JLogChute
2018-02-28 16:17:32,551 - Default ResourceManager initializing. (class org.apache.velocity.runtime.resource.ResourceManagerImpl)
2018-02-28 16:17:32,557 - ResourceLoader instantiated: org.apache.velocity.runtime.resource.loader.FileResourceLoader
2018-02-28 16:17:32,558 - Do unicode file recognition:  false
2018-02-28 16:17:32,559 - FileResourceLoader : adding path '.'
2018-02-28 16:17:32,572 - ResourceCache: initialized (class org.apache.velocity.runtime.resource.ResourceCacheImpl)
2018-02-28 16:17:32,575 - Loaded System Directive: org.apache.velocity.runtime.directive.Literal
2018-02-28 16:17:32,576 - Loaded System Directive: org.apache.velocity.runtime.directive.Macro
2018-02-28 16:17:32,579 - Loaded System Directive: org.apache.velocity.runtime.directive.Parse
2018-02-28 16:17:32,580 - Loaded System Directive: org.apache.velocity.runtime.directive.Include
2018-02-28 16:17:32,580 - Loaded System Directive: org.apache.velocity.runtime.directive.Foreach
2018-02-28 16:17:32,605 - Created '20' parsers.
2018-02-28 16:17:32,609 - Velocimacro : "velocimacro.library" is not set.  Trying default library: VM_global_library.vm
2018-02-28 16:17:32,609 - Velocimacro : Default library not found.
2018-02-28 16:17:32,609 - Velocimacro : allowInline = true : VMs can be defined inline in templates
2018-02-28 16:17:32,609 - Velocimacro : allowInlineToOverride = false : VMs defined inline may NOT replace previous VM definitions
2018-02-28 16:17:32,609 - Velocimacro : allowInlineLocal = false : VMs defined inline will be global in scope if allowed.
2018-02-28 16:17:32,609 - Velocimacro : autoload off : VM system will not automatically reload global library macros
2018-02-28 16:27:11,099 - Log4JLogChute initialized using file 'velocity.log'
2018-02-28 16:27:11,100 - Velocity was not initialized! Calling init()...
2018-02-28 16:27:11,100 - Starting Apache Velocity v1.5 (compiled: 2007-02-22 08:52:29)
2018-02-28 16:27:11,100 - Default Properties File: org/apache/velocity/runtime/defaults/velocity.properties
2018-02-28 16:27:11,100 - Trying to use logger class org.apache.velocity.runtime.log.AvalonLogChute
2018-02-28 16:27:11,101 - Couldn't find class org.apache.velocity.runtime.log.AvalonLogChute or necessary supporting classes in classpath.
java.lang.NoClassDefFoundError: org/apache/log/format/Formatter
	at java.base/java.lang.Class.forName0(Native Method)
	at java.base/java.lang.Class.forName(Class.java:375)
	at org.apache.velocity.util.ClassUtils.getClass(ClassUtils.java:63)
	at org.apache.velocity.util.ClassUtils.getNewInstance(ClassUtils.java:95)
	at org.apache.velocity.runtime.log.LogManager.createLogChute(LogManager.java:147)
	at org.apache.velocity.runtime.log.LogManager.updateLog(LogManager.java:208)
	at org.apache.velocity.runtime.RuntimeInstance.initializeLog(RuntimeInstance.java:728)
	at org.apache.velocity.runtime.RuntimeInstance.init(RuntimeInstance.java:240)
	at org.apache.velocity.runtime.RuntimeInstance.parse(RuntimeInstance.java:993)
	at org.apache.velocity.runtime.RuntimeInstance.parse(RuntimeInstance.java:972)
	at org.apache.velocity.runtime.RuntimeSingleton.parse(RuntimeSingleton.java:265)
	at org.apache.velocity.app.Velocity.evaluate(Velocity.java:274)
	at org.sonatype.mavenbook.weather.WeatherFormatter.format(WeatherFormatter.java:21)
	at org.sonatype.mavenbook.weather.yahoo.WeatherFormatterTest.testFormat(WeatherFormatterTest.java:23)
	at java.base/jdk.internal.reflect.NativeMethodAccessorImpl.invoke0(Native Method)
	at java.base/jdk.internal.reflect.NativeMethodAccessorImpl.invoke(NativeMethodAccessorImpl.java:62)
	at java.base/jdk.internal.reflect.DelegatingMethodAccessorImpl.invoke(DelegatingMethodAccessorImpl.java:43)
	at java.base/java.lang.reflect.Method.invoke(Method.java:564)
	at junit.framework.TestCase.runTest(TestCase.java:154)
	at junit.framework.TestCase.runBare(TestCase.java:127)
	at junit.framework.TestResult$1.protect(TestResult.java:106)
	at junit.framework.TestResult.runProtected(TestResult.java:124)
	at junit.framework.TestResult.run(TestResult.java:109)
	at junit.framework.TestCase.run(TestCase.java:118)
	at junit.framework.TestSuite.runTest(TestSuite.java:208)
	at junit.framework.TestSuite.run(TestSuite.java:203)
	at java.base/jdk.internal.reflect.NativeMethodAccessorImpl.invoke0(Native Method)
	at java.base/jdk.internal.reflect.NativeMethodAccessorImpl.invoke(NativeMethodAccessorImpl.java:62)
	at java.base/jdk.internal.reflect.DelegatingMethodAccessorImpl.invoke(DelegatingMethodAccessorImpl.java:43)
	at java.base/java.lang.reflect.Method.invoke(Method.java:564)
	at org.apache.maven.surefire.junit.JUnitTestSet.execute(JUnitTestSet.java:95)
	at org.apache.maven.surefire.junit.JUnit3Provider.executeTestSet(JUnit3Provider.java:121)
	at org.apache.maven.surefire.junit.JUnit3Provider.invoke(JUnit3Provider.java:98)
	at java.base/jdk.internal.reflect.NativeMethodAccessorImpl.invoke0(Native Method)
	at java.base/jdk.internal.reflect.NativeMethodAccessorImpl.invoke(NativeMethodAccessorImpl.java:62)
	at java.base/jdk.internal.reflect.DelegatingMethodAccessorImpl.invoke(DelegatingMethodAccessorImpl.java:43)
	at java.base/java.lang.reflect.Method.invoke(Method.java:564)
	at org.apache.maven.surefire.util.ReflectionUtils.invokeMethodWithArray(ReflectionUtils.java:189)
	at org.apache.maven.surefire.booter.ProviderFactory$ProviderProxy.invoke(ProviderFactory.java:165)
	at org.apache.maven.surefire.booter.ProviderFactory.invokeProvider(ProviderFactory.java:85)
	at org.apache.maven.surefire.booter.ForkedBooter.runSuitesInProcess(ForkedBooter.java:115)
	at org.apache.maven.surefire.booter.ForkedBooter.main(ForkedBooter.java:75)
Caused by: java.lang.ClassNotFoundException: org.apache.log.format.Formatter
	at java.base/jdk.internal.loader.BuiltinClassLoader.loadClass(BuiltinClassLoader.java:582)
	at java.base/jdk.internal.loader.ClassLoaders$AppClassLoader.loadClass(ClassLoaders.java:185)
	at java.base/java.lang.ClassLoader.loadClass(ClassLoader.java:496)
	... 42 more
2018-02-28 16:27:11,102 - Trying to use logger class org.apache.velocity.runtime.log.Log4JLogChute
2018-02-28 16:27:11,103 - Using logger class org.apache.velocity.runtime.log.Log4JLogChute
2018-02-28 16:27:11,104 - Default ResourceManager initializing. (class org.apache.velocity.runtime.resource.ResourceManagerImpl)
2018-02-28 16:27:11,106 - ResourceLoader instantiated: org.apache.velocity.runtime.resource.loader.FileResourceLoader
2018-02-28 16:27:11,107 - Do unicode file recognition:  false
2018-02-28 16:27:11,107 - FileResourceLoader : adding path '.'
2018-02-28 16:27:11,119 - ResourceCache: initialized (class org.apache.velocity.runtime.resource.ResourceCacheImpl)
2018-02-28 16:27:11,120 - Loaded System Directive: org.apache.velocity.runtime.directive.Literal
2018-02-28 16:27:11,121 - Loaded System Directive: org.apache.velocity.runtime.directive.Macro
2018-02-28 16:27:11,122 - Loaded System Directive: org.apache.velocity.runtime.directive.Parse
2018-02-28 16:27:11,123 - Loaded System Directive: org.apache.velocity.runtime.directive.Include
2018-02-28 16:27:11,124 - Loaded System Directive: org.apache.velocity.runtime.directive.Foreach
2018-02-28 16:27:11,149 - Created '20' parsers.
2018-02-28 16:27:11,152 - Velocimacro : "velocimacro.library" is not set.  Trying default library: VM_global_library.vm
2018-02-28 16:27:11,153 - Velocimacro : Default library not found.
2018-02-28 16:27:11,153 - Velocimacro : allowInline = true : VMs can be defined inline in templates
2018-02-28 16:27:11,153 - Velocimacro : allowInlineToOverride = false : VMs defined inline may NOT replace previous VM definitions
2018-02-28 16:27:11,153 - Velocimacro : allowInlineLocal = false : VMs defined inline will be global in scope if allowed.
2018-02-28 16:27:11,153 - Velocimacro : autoload off : VM system will not automatically reload global library macros
2018-02-28 16:53:29,927 - Log4JLogChute initialized using file 'velocity.log'
2018-02-28 16:53:29,928 - Velocity was not initialized! Calling init()...
2018-02-28 16:53:29,928 - Starting Apache Velocity v1.5 (compiled: 2007-02-22 08:52:29)
2018-02-28 16:53:29,928 - Default Properties File: org/apache/velocity/runtime/defaults/velocity.properties
2018-02-28 16:53:29,928 - Trying to use logger class org.apache.velocity.runtime.log.AvalonLogChute
2018-02-28 16:53:29,929 - Couldn't find class org.apache.velocity.runtime.log.AvalonLogChute or necessary supporting classes in classpath.
java.lang.NoClassDefFoundError: org/apache/log/format/Formatter
	at java.base/java.lang.Class.forName0(Native Method)
	at java.base/java.lang.Class.forName(Class.java:375)
	at org.apache.velocity.util.ClassUtils.getClass(ClassUtils.java:63)
	at org.apache.velocity.util.ClassUtils.getNewInstance(ClassUtils.java:95)
	at org.apache.velocity.runtime.log.LogManager.createLogChute(LogManager.java:147)
	at org.apache.velocity.runtime.log.LogManager.updateLog(LogManager.java:208)
	at org.apache.velocity.runtime.RuntimeInstance.initializeLog(RuntimeInstance.java:728)
	at org.apache.velocity.runtime.RuntimeInstance.init(RuntimeInstance.java:240)
	at org.apache.velocity.runtime.RuntimeInstance.parse(RuntimeInstance.java:993)
	at org.apache.velocity.runtime.RuntimeInstance.parse(RuntimeInstance.java:972)
	at org.apache.velocity.runtime.RuntimeSingleton.parse(RuntimeSingleton.java:265)
	at org.apache.velocity.app.Velocity.evaluate(Velocity.java:274)
	at org.sonatype.mavenbook.weather.WeatherFormatter.format(WeatherFormatter.java:21)
	at org.sonatype.mavenbook.weather.yahoo.WeatherFormatterTest.testFormat(WeatherFormatterTest.java:23)
	at java.base/jdk.internal.reflect.NativeMethodAccessorImpl.invoke0(Native Method)
	at java.base/jdk.internal.reflect.NativeMethodAccessorImpl.invoke(NativeMethodAccessorImpl.java:62)
	at java.base/jdk.internal.reflect.DelegatingMethodAccessorImpl.invoke(DelegatingMethodAccessorImpl.java:43)
	at java.base/java.lang.reflect.Method.invoke(Method.java:564)
	at junit.framework.TestCase.runTest(TestCase.java:154)
	at junit.framework.TestCase.runBare(TestCase.java:127)
	at junit.framework.TestResult$1.protect(TestResult.java:106)
	at junit.framework.TestResult.runProtected(TestResult.java:124)
	at junit.framework.TestResult.run(TestResult.java:109)
	at junit.framework.TestCase.run(TestCase.java:118)
	at junit.framework.TestSuite.runTest(TestSuite.java:208)
	at junit.framework.TestSuite.run(TestSuite.java:203)
	at java.base/jdk.internal.reflect.NativeMethodAccessorImpl.invoke0(Native Method)
	at java.base/jdk.internal.reflect.NativeMethodAccessorImpl.invoke(NativeMethodAccessorImpl.java:62)
	at java.base/jdk.internal.reflect.DelegatingMethodAccessorImpl.invoke(DelegatingMethodAccessorImpl.java:43)
	at java.base/java.lang.reflect.Method.invoke(Method.java:564)
	at org.apache.maven.surefire.junit.JUnitTestSet.execute(JUnitTestSet.java:95)
	at org.apache.maven.surefire.junit.JUnit3Provider.executeTestSet(JUnit3Provider.java:121)
	at org.apache.maven.surefire.junit.JUnit3Provider.invoke(JUnit3Provider.java:98)
	at java.base/jdk.internal.reflect.NativeMethodAccessorImpl.invoke0(Native Method)
	at java.base/jdk.internal.reflect.NativeMethodAccessorImpl.invoke(NativeMethodAccessorImpl.java:62)
	at java.base/jdk.internal.reflect.DelegatingMethodAccessorImpl.invoke(DelegatingMethodAccessorImpl.java:43)
	at java.base/java.lang.reflect.Method.invoke(Method.java:564)
	at org.apache.maven.surefire.util.ReflectionUtils.invokeMethodWithArray(ReflectionUtils.java:189)
	at org.apache.maven.surefire.booter.ProviderFactory$ProviderProxy.invoke(ProviderFactory.java:165)
	at org.apache.maven.surefire.booter.ProviderFactory.invokeProvider(ProviderFactory.java:85)
	at org.apache.maven.surefire.booter.ForkedBooter.runSuitesInProcess(ForkedBooter.java:115)
	at org.apache.maven.surefire.booter.ForkedBooter.main(ForkedBooter.java:75)
Caused by: java.lang.ClassNotFoundException: org.apache.log.format.Formatter
	at java.base/jdk.internal.loader.BuiltinClassLoader.loadClass(BuiltinClassLoader.java:582)
	at java.base/jdk.internal.loader.ClassLoaders$AppClassLoader.loadClass(ClassLoaders.java:185)
	at java.base/java.lang.ClassLoader.loadClass(ClassLoader.java:496)
	... 42 more
2018-02-28 16:53:29,931 - Trying to use logger class org.apache.velocity.runtime.log.Log4JLogChute
2018-02-28 16:53:29,931 - Using logger class org.apache.velocity.runtime.log.Log4JLogChute
2018-02-28 16:53:29,933 - Default ResourceManager initializing. (class org.apache.velocity.runtime.resource.ResourceManagerImpl)
2018-02-28 16:53:29,936 - ResourceLoader instantiated: org.apache.velocity.runtime.resource.loader.FileResourceLoader
2018-02-28 16:53:29,937 - Do unicode file recognition:  false
2018-02-28 16:53:29,937 - FileResourceLoader : adding path '.'
2018-02-28 16:53:29,951 - ResourceCache: initialized (class org.apache.velocity.runtime.resource.ResourceCacheImpl)
2018-02-28 16:53:29,952 - Loaded System Directive: org.apache.velocity.runtime.directive.Literal
2018-02-28 16:53:29,954 - Loaded System Directive: org.apache.velocity.runtime.directive.Macro
2018-02-28 16:53:29,955 - Loaded System Directive: org.apache.velocity.runtime.directive.Parse
2018-02-28 16:53:29,956 - Loaded System Directive: org.apache.velocity.runtime.directive.Include
2018-02-28 16:53:29,957 - Loaded System Directive: org.apache.velocity.runtime.directive.Foreach
2018-02-28 16:53:29,989 - Created '20' parsers.
2018-02-28 16:53:29,993 - Velocimacro : "velocimacro.library" is not set.  Trying default library: VM_global_library.vm
2018-02-28 16:53:29,993 - Velocimacro : Default library not found.
2018-02-28 16:53:29,993 - Velocimacro : allowInline = true : VMs can be defined inline in templates
2018-02-28 16:53:29,993 - Velocimacro : allowInlineToOverride = false : VMs defined inline may NOT replace previous VM definitions
2018-02-28 16:53:29,993 - Velocimacro : allowInlineLocal = false : VMs defined inline will be global in scope if allowed.
2018-02-28 16:53:29,993 - Velocimacro : autoload off : VM system will not automatically reload global library macros
2018-02-28 16:58:59,253 - Log4JLogChute initialized using file 'velocity.log'
2018-02-28 16:58:59,254 - Velocity was not initialized! Calling init()...
2018-02-28 16:58:59,255 - Starting Apache Velocity v1.5 (compiled: 2007-02-22 08:52:29)
2018-02-28 16:58:59,255 - Default Properties File: org/apache/velocity/runtime/defaults/velocity.properties
2018-02-28 16:58:59,255 - Trying to use logger class org.apache.velocity.runtime.log.AvalonLogChute
2018-02-28 16:58:59,255 - Couldn't find class org.apache.velocity.runtime.log.AvalonLogChute or necessary supporting classes in classpath.
java.lang.NoClassDefFoundError: org/apache/log/format/Formatter
	at java.base/java.lang.Class.forName0(Native Method)
	at java.base/java.lang.Class.forName(Class.java:375)
	at org.apache.velocity.util.ClassUtils.getClass(ClassUtils.java:63)
	at org.apache.velocity.util.ClassUtils.getNewInstance(ClassUtils.java:95)
	at org.apache.velocity.runtime.log.LogManager.createLogChute(LogManager.java:147)
	at org.apache.velocity.runtime.log.LogManager.updateLog(LogManager.java:208)
	at org.apache.velocity.runtime.RuntimeInstance.initializeLog(RuntimeInstance.java:728)
	at org.apache.velocity.runtime.RuntimeInstance.init(RuntimeInstance.java:240)
	at org.apache.velocity.runtime.RuntimeInstance.parse(RuntimeInstance.java:993)
	at org.apache.velocity.runtime.RuntimeInstance.parse(RuntimeInstance.java:972)
	at org.apache.velocity.runtime.RuntimeSingleton.parse(RuntimeSingleton.java:265)
	at org.apache.velocity.app.Velocity.evaluate(Velocity.java:274)
	at org.sonatype.mavenbook.weather.WeatherFormatter.format(WeatherFormatter.java:21)
	at org.sonatype.mavenbook.weather.yahoo.WeatherFormatterTest.testFormat(WeatherFormatterTest.java:23)
	at java.base/jdk.internal.reflect.NativeMethodAccessorImpl.invoke0(Native Method)
	at java.base/jdk.internal.reflect.NativeMethodAccessorImpl.invoke(NativeMethodAccessorImpl.java:62)
	at java.base/jdk.internal.reflect.DelegatingMethodAccessorImpl.invoke(DelegatingMethodAccessorImpl.java:43)
	at java.base/java.lang.reflect.Method.invoke(Method.java:564)
	at junit.framework.TestCase.runTest(TestCase.java:154)
	at junit.framework.TestCase.runBare(TestCase.java:127)
	at junit.framework.TestResult$1.protect(TestResult.java:106)
	at junit.framework.TestResult.runProtected(TestResult.java:124)
	at junit.framework.TestResult.run(TestResult.java:109)
	at junit.framework.TestCase.run(TestCase.java:118)
	at junit.framework.TestSuite.runTest(TestSuite.java:208)
	at junit.framework.TestSuite.run(TestSuite.java:203)
	at java.base/jdk.internal.reflect.NativeMethodAccessorImpl.invoke0(Native Method)
	at java.base/jdk.internal.reflect.NativeMethodAccessorImpl.invoke(NativeMethodAccessorImpl.java:62)
	at java.base/jdk.internal.reflect.DelegatingMethodAccessorImpl.invoke(DelegatingMethodAccessorImpl.java:43)
	at java.base/java.lang.reflect.Method.invoke(Method.java:564)
	at org.apache.maven.surefire.junit.JUnitTestSet.execute(JUnitTestSet.java:95)
	at org.apache.maven.surefire.junit.JUnit3Provider.executeTestSet(JUnit3Provider.java:121)
	at org.apache.maven.surefire.junit.JUnit3Provider.invoke(JUnit3Provider.java:98)
	at java.base/jdk.internal.reflect.NativeMethodAccessorImpl.invoke0(Native Method)
	at java.base/jdk.internal.reflect.NativeMethodAccessorImpl.invoke(NativeMethodAccessorImpl.java:62)
	at java.base/jdk.internal.reflect.DelegatingMethodAccessorImpl.invoke(DelegatingMethodAccessorImpl.java:43)
	at java.base/java.lang.reflect.Method.invoke(Method.java:564)
	at org.apache.maven.surefire.util.ReflectionUtils.invokeMethodWithArray(ReflectionUtils.java:189)
	at org.apache.maven.surefire.booter.ProviderFactory$ProviderProxy.invoke(ProviderFactory.java:165)
	at org.apache.maven.surefire.booter.ProviderFactory.invokeProvider(ProviderFactory.java:85)
	at org.apache.maven.surefire.booter.ForkedBooter.runSuitesInProcess(ForkedBooter.java:115)
	at org.apache.maven.surefire.booter.ForkedBooter.main(ForkedBooter.java:75)
Caused by: java.lang.ClassNotFoundException: org.apache.log.format.Formatter
	at java.base/jdk.internal.loader.BuiltinClassLoader.loadClass(BuiltinClassLoader.java:582)
	at java.base/jdk.internal.loader.ClassLoaders$AppClassLoader.loadClass(ClassLoaders.java:185)
	at java.base/java.lang.ClassLoader.loadClass(ClassLoader.java:496)
	... 42 more
2018-02-28 16:58:59,258 - Trying to use logger class org.apache.velocity.runtime.log.Log4JLogChute
2018-02-28 16:58:59,258 - Using logger class org.apache.velocity.runtime.log.Log4JLogChute
2018-02-28 16:58:59,259 - Default ResourceManager initializing. (class org.apache.velocity.runtime.resource.ResourceManagerImpl)
2018-02-28 16:58:59,262 - ResourceLoader instantiated: org.apache.velocity.runtime.resource.loader.FileResourceLoader
2018-02-28 16:58:59,263 - Do unicode file recognition:  false
2018-02-28 16:58:59,263 - FileResourceLoader : adding path '.'
2018-02-28 16:58:59,269 - ResourceCache: initialized (class org.apache.velocity.runtime.resource.ResourceCacheImpl)
2018-02-28 16:58:59,270 - Loaded System Directive: org.apache.velocity.runtime.directive.Literal
2018-02-28 16:58:59,271 - Loaded System Directive: org.apache.velocity.runtime.directive.Macro
2018-02-28 16:58:59,272 - Loaded System Directive: org.apache.velocity.runtime.directive.Parse
2018-02-28 16:58:59,275 - Loaded System Directive: org.apache.velocity.runtime.directive.Include
2018-02-28 16:58:59,278 - Loaded System Directive: org.apache.velocity.runtime.directive.Foreach
2018-02-28 16:58:59,304 - Created '20' parsers.
2018-02-28 16:58:59,308 - Velocimacro : "velocimacro.library" is not set.  Trying default library: VM_global_library.vm
2018-02-28 16:58:59,308 - Velocimacro : Default library not found.
2018-02-28 16:58:59,308 - Velocimacro : allowInline = true : VMs can be defined inline in templates
2018-02-28 16:58:59,308 - Velocimacro : allowInlineToOverride = false : VMs defined inline may NOT replace previous VM definitions
2018-02-28 16:58:59,308 - Velocimacro : allowInlineLocal = false : VMs defined inline will be global in scope if allowed.
2018-02-28 16:58:59,308 - Velocimacro : autoload off : VM system will not automatically reload global library macros
2018-02-28 17:01:49,581 - Log4JLogChute initialized using file 'velocity.log'
2018-02-28 17:01:49,581 - Velocity was not initialized! Calling init()...
2018-02-28 17:01:49,581 - Starting Apache Velocity v1.5 (compiled: 2007-02-22 08:52:29)
2018-02-28 17:01:49,581 - Default Properties File: org/apache/velocity/runtime/defaults/velocity.properties
2018-02-28 17:01:49,581 - Trying to use logger class org.apache.velocity.runtime.log.AvalonLogChute
2018-02-28 17:01:49,582 - Couldn't find class org.apache.velocity.runtime.log.AvalonLogChute or necessary supporting classes in classpath.
java.lang.NoClassDefFoundError: org/apache/log/format/Formatter
	at java.base/java.lang.Class.forName0(Native Method)
	at java.base/java.lang.Class.forName(Class.java:375)
	at org.apache.velocity.util.ClassUtils.getClass(ClassUtils.java:63)
	at org.apache.velocity.util.ClassUtils.getNewInstance(ClassUtils.java:95)
	at org.apache.velocity.runtime.log.LogManager.createLogChute(LogManager.java:147)
	at org.apache.velocity.runtime.log.LogManager.updateLog(LogManager.java:208)
	at org.apache.velocity.runtime.RuntimeInstance.initializeLog(RuntimeInstance.java:728)
	at org.apache.velocity.runtime.RuntimeInstance.init(RuntimeInstance.java:240)
	at org.apache.velocity.runtime.RuntimeInstance.parse(RuntimeInstance.java:993)
	at org.apache.velocity.runtime.RuntimeInstance.parse(RuntimeInstance.java:972)
	at org.apache.velocity.runtime.RuntimeSingleton.parse(RuntimeSingleton.java:265)
	at org.apache.velocity.app.Velocity.evaluate(Velocity.java:274)
	at org.sonatype.mavenbook.weather.WeatherFormatter.format(WeatherFormatter.java:21)
	at org.sonatype.mavenbook.weather.yahoo.WeatherFormatterTest.testFormat(WeatherFormatterTest.java:23)
	at java.base/jdk.internal.reflect.NativeMethodAccessorImpl.invoke0(Native Method)
	at java.base/jdk.internal.reflect.NativeMethodAccessorImpl.invoke(NativeMethodAccessorImpl.java:62)
	at java.base/jdk.internal.reflect.DelegatingMethodAccessorImpl.invoke(DelegatingMethodAccessorImpl.java:43)
	at java.base/java.lang.reflect.Method.invoke(Method.java:564)
	at junit.framework.TestCase.runTest(TestCase.java:154)
	at junit.framework.TestCase.runBare(TestCase.java:127)
	at junit.framework.TestResult$1.protect(TestResult.java:106)
	at junit.framework.TestResult.runProtected(TestResult.java:124)
	at junit.framework.TestResult.run(TestResult.java:109)
	at junit.framework.TestCase.run(TestCase.java:118)
	at junit.framework.TestSuite.runTest(TestSuite.java:208)
	at junit.framework.TestSuite.run(TestSuite.java:203)
	at java.base/jdk.internal.reflect.NativeMethodAccessorImpl.invoke0(Native Method)
	at java.base/jdk.internal.reflect.NativeMethodAccessorImpl.invoke(NativeMethodAccessorImpl.java:62)
	at java.base/jdk.internal.reflect.DelegatingMethodAccessorImpl.invoke(DelegatingMethodAccessorImpl.java:43)
	at java.base/java.lang.reflect.Method.invoke(Method.java:564)
	at org.apache.maven.surefire.junit.JUnitTestSet.execute(JUnitTestSet.java:95)
	at org.apache.maven.surefire.junit.JUnit3Provider.executeTestSet(JUnit3Provider.java:121)
	at org.apache.maven.surefire.junit.JUnit3Provider.invoke(JUnit3Provider.java:98)
	at java.base/jdk.internal.reflect.NativeMethodAccessorImpl.invoke0(Native Method)
	at java.base/jdk.internal.reflect.NativeMethodAccessorImpl.invoke(NativeMethodAccessorImpl.java:62)
	at java.base/jdk.internal.reflect.DelegatingMethodAccessorImpl.invoke(DelegatingMethodAccessorImpl.java:43)
	at java.base/java.lang.reflect.Method.invoke(Method.java:564)
	at org.apache.maven.surefire.util.ReflectionUtils.invokeMethodWithArray(ReflectionUtils.java:189)
	at org.apache.maven.surefire.booter.ProviderFactory$ProviderProxy.invoke(ProviderFactory.java:165)
	at org.apache.maven.surefire.booter.ProviderFactory.invokeProvider(ProviderFactory.java:85)
	at org.apache.maven.surefire.booter.ForkedBooter.runSuitesInProcess(ForkedBooter.java:115)
	at org.apache.maven.surefire.booter.ForkedBooter.main(ForkedBooter.java:75)
Caused by: java.lang.ClassNotFoundException: org.apache.log.format.Formatter
	at java.base/jdk.internal.loader.BuiltinClassLoader.loadClass(BuiltinClassLoader.java:582)
	at java.base/jdk.internal.loader.ClassLoaders$AppClassLoader.loadClass(ClassLoaders.java:185)
	at java.base/java.lang.ClassLoader.loadClass(ClassLoader.java:496)
	... 42 more
2018-02-28 17:01:49,584 - Trying to use logger class org.apache.velocity.runtime.log.Log4JLogChute
2018-02-28 17:01:49,584 - Using logger class org.apache.velocity.runtime.log.Log4JLogChute
2018-02-28 17:01:49,585 - Default ResourceManager initializing. (class org.apache.velocity.runtime.resource.ResourceManagerImpl)
2018-02-28 17:01:49,587 - ResourceLoader instantiated: org.apache.velocity.runtime.resource.loader.FileResourceLoader
2018-02-28 17:01:49,587 - Do unicode file recognition:  false
2018-02-28 17:01:49,587 - FileResourceLoader : adding path '.'
2018-02-28 17:01:49,594 - ResourceCache: initialized (class org.apache.velocity.runtime.resource.ResourceCacheImpl)
2018-02-28 17:01:49,596 - Loaded System Directive: org.apache.velocity.runtime.directive.Literal
2018-02-28 17:01:49,597 - Loaded System Directive: org.apache.velocity.runtime.directive.Macro
2018-02-28 17:01:49,598 - Loaded System Directive: org.apache.velocity.runtime.directive.Parse
2018-02-28 17:01:49,599 - Loaded System Directive: org.apache.velocity.runtime.directive.Include
2018-02-28 17:01:49,600 - Loaded System Directive: org.apache.velocity.runtime.directive.Foreach
2018-02-28 17:01:49,615 - Created '20' parsers.
2018-02-28 17:01:49,617 - Velocimacro : "velocimacro.library" is not set.  Trying default library: VM_global_library.vm
2018-02-28 17:01:49,617 - Velocimacro : Default library not found.
2018-02-28 17:01:49,617 - Velocimacro : allowInline = true : VMs can be defined inline in templates
2018-02-28 17:01:49,617 - Velocimacro : allowInlineToOverride = false : VMs defined inline may NOT replace previous VM definitions
2018-02-28 17:01:49,617 - Velocimacro : allowInlineLocal = false : VMs defined inline will be global in scope if allowed.
2018-02-28 17:01:49,618 - Velocimacro : autoload off : VM system will not automatically reload global library macros
2018-02-28 17:04:18,635 - Log4JLogChute initialized using file 'velocity.log'
2018-02-28 17:04:18,636 - Velocity was not initialized! Calling init()...
2018-02-28 17:04:18,636 - Starting Apache Velocity v1.5 (compiled: 2007-02-22 08:52:29)
2018-02-28 17:04:18,636 - Default Properties File: org/apache/velocity/runtime/defaults/velocity.properties
2018-02-28 17:04:18,636 - Trying to use logger class org.apache.velocity.runtime.log.AvalonLogChute
2018-02-28 17:04:18,637 - Couldn't find class org.apache.velocity.runtime.log.AvalonLogChute or necessary supporting classes in classpath.
java.lang.NoClassDefFoundError: org/apache/log/format/Formatter
	at java.base/java.lang.Class.forName0(Native Method)
	at java.base/java.lang.Class.forName(Class.java:375)
	at org.apache.velocity.util.ClassUtils.getClass(ClassUtils.java:63)
	at org.apache.velocity.util.ClassUtils.getNewInstance(ClassUtils.java:95)
	at org.apache.velocity.runtime.log.LogManager.createLogChute(LogManager.java:147)
	at org.apache.velocity.runtime.log.LogManager.updateLog(LogManager.java:208)
	at org.apache.velocity.runtime.RuntimeInstance.initializeLog(RuntimeInstance.java:728)
	at org.apache.velocity.runtime.RuntimeInstance.init(RuntimeInstance.java:240)
	at org.apache.velocity.runtime.RuntimeInstance.parse(RuntimeInstance.java:993)
	at org.apache.velocity.runtime.RuntimeInstance.parse(RuntimeInstance.java:972)
	at org.apache.velocity.runtime.RuntimeSingleton.parse(RuntimeSingleton.java:265)
	at org.apache.velocity.app.Velocity.evaluate(Velocity.java:274)
	at org.sonatype.mavenbook.weather.WeatherFormatter.format(WeatherFormatter.java:21)
	at org.sonatype.mavenbook.weather.yahoo.WeatherFormatterTest.testFormat(WeatherFormatterTest.java:23)
	at java.base/jdk.internal.reflect.NativeMethodAccessorImpl.invoke0(Native Method)
	at java.base/jdk.internal.reflect.NativeMethodAccessorImpl.invoke(NativeMethodAccessorImpl.java:62)
	at java.base/jdk.internal.reflect.DelegatingMethodAccessorImpl.invoke(DelegatingMethodAccessorImpl.java:43)
	at java.base/java.lang.reflect.Method.invoke(Method.java:564)
	at junit.framework.TestCase.runTest(TestCase.java:154)
	at junit.framework.TestCase.runBare(TestCase.java:127)
	at junit.framework.TestResult$1.protect(TestResult.java:106)
	at junit.framework.TestResult.runProtected(TestResult.java:124)
	at junit.framework.TestResult.run(TestResult.java:109)
	at junit.framework.TestCase.run(TestCase.java:118)
	at junit.framework.TestSuite.runTest(TestSuite.java:208)
	at junit.framework.TestSuite.run(TestSuite.java:203)
	at java.base/jdk.internal.reflect.NativeMethodAccessorImpl.invoke0(Native Method)
	at java.base/jdk.internal.reflect.NativeMethodAccessorImpl.invoke(NativeMethodAccessorImpl.java:62)
	at java.base/jdk.internal.reflect.DelegatingMethodAccessorImpl.invoke(DelegatingMethodAccessorImpl.java:43)
	at java.base/java.lang.reflect.Method.invoke(Method.java:564)
	at org.apache.maven.surefire.junit.JUnitTestSet.execute(JUnitTestSet.java:95)
	at org.apache.maven.surefire.junit.JUnit3Provider.executeTestSet(JUnit3Provider.java:121)
	at org.apache.maven.surefire.junit.JUnit3Provider.invoke(JUnit3Provider.java:98)
	at java.base/jdk.internal.reflect.NativeMethodAccessorImpl.invoke0(Native Method)
	at java.base/jdk.internal.reflect.NativeMethodAccessorImpl.invoke(NativeMethodAccessorImpl.java:62)
	at java.base/jdk.internal.reflect.DelegatingMethodAccessorImpl.invoke(DelegatingMethodAccessorImpl.java:43)
	at java.base/java.lang.reflect.Method.invoke(Method.java:564)
	at org.apache.maven.surefire.util.ReflectionUtils.invokeMethodWithArray(ReflectionUtils.java:189)
	at org.apache.maven.surefire.booter.ProviderFactory$ProviderProxy.invoke(ProviderFactory.java:165)
	at org.apache.maven.surefire.booter.ProviderFactory.invokeProvider(ProviderFactory.java:85)
	at org.apache.maven.surefire.booter.ForkedBooter.runSuitesInProcess(ForkedBooter.java:115)
	at org.apache.maven.surefire.booter.ForkedBooter.main(ForkedBooter.java:75)
Caused by: java.lang.ClassNotFoundException: org.apache.log.format.Formatter
	at java.base/jdk.internal.loader.BuiltinClassLoader.loadClass(BuiltinClassLoader.java:582)
	at java.base/jdk.internal.loader.ClassLoaders$AppClassLoader.loadClass(ClassLoaders.java:185)
	at java.base/java.lang.ClassLoader.loadClass(ClassLoader.java:496)
	... 42 more
2018-02-28 17:04:18,639 - Trying to use logger class org.apache.velocity.runtime.log.Log4JLogChute
2018-02-28 17:04:18,639 - Using logger class org.apache.velocity.runtime.log.Log4JLogChute
2018-02-28 17:04:18,640 - Default ResourceManager initializing. (class org.apache.velocity.runtime.resource.ResourceManagerImpl)
2018-02-28 17:04:18,643 - ResourceLoader instantiated: org.apache.velocity.runtime.resource.loader.FileResourceLoader
2018-02-28 17:04:18,643 - Do unicode file recognition:  false
2018-02-28 17:04:18,643 - FileResourceLoader : adding path '.'
2018-02-28 17:04:18,654 - ResourceCache: initialized (class org.apache.velocity.runtime.resource.ResourceCacheImpl)
2018-02-28 17:04:18,655 - Loaded System Directive: org.apache.velocity.runtime.directive.Literal
2018-02-28 17:04:18,656 - Loaded System Directive: org.apache.velocity.runtime.directive.Macro
2018-02-28 17:04:18,657 - Loaded System Directive: org.apache.velocity.runtime.directive.Parse
2018-02-28 17:04:18,658 - Loaded System Directive: org.apache.velocity.runtime.directive.Include
2018-02-28 17:04:18,658 - Loaded System Directive: org.apache.velocity.runtime.directive.Foreach
2018-02-28 17:04:18,692 - Created '20' parsers.
2018-02-28 17:04:18,695 - Velocimacro : "velocimacro.library" is not set.  Trying default library: VM_global_library.vm
2018-02-28 17:04:18,696 - Velocimacro : Default library not found.
2018-02-28 17:04:18,696 - Velocimacro : allowInline = true : VMs can be defined inline in templates
2018-02-28 17:04:18,696 - Velocimacro : allowInlineToOverride = false : VMs defined inline may NOT replace previous VM definitions
2018-02-28 17:04:18,696 - Velocimacro : allowInlineLocal = false : VMs defined inline will be global in scope if allowed.
2018-02-28 17:04:18,696 - Velocimacro : autoload off : VM system will not automatically reload global library macros
2018-02-28 17:06:29,320 - Log4JLogChute initialized using file 'velocity.log'
2018-02-28 17:06:29,320 - Velocity was not initialized! Calling init()...
2018-02-28 17:06:29,320 - Starting Apache Velocity v1.5 (compiled: 2007-02-22 08:52:29)
2018-02-28 17:06:29,320 - Default Properties File: org/apache/velocity/runtime/defaults/velocity.properties
2018-02-28 17:06:29,320 - Trying to use logger class org.apache.velocity.runtime.log.AvalonLogChute
2018-02-28 17:06:29,321 - Couldn't find class org.apache.velocity.runtime.log.AvalonLogChute or necessary supporting classes in classpath.
java.lang.NoClassDefFoundError: org/apache/log/format/Formatter
	at java.base/java.lang.Class.forName0(Native Method)
	at java.base/java.lang.Class.forName(Class.java:375)
	at org.apache.velocity.util.ClassUtils.getClass(ClassUtils.java:63)
	at org.apache.velocity.util.ClassUtils.getNewInstance(ClassUtils.java:95)
	at org.apache.velocity.runtime.log.LogManager.createLogChute(LogManager.java:147)
	at org.apache.velocity.runtime.log.LogManager.updateLog(LogManager.java:208)
	at org.apache.velocity.runtime.RuntimeInstance.initializeLog(RuntimeInstance.java:728)
	at org.apache.velocity.runtime.RuntimeInstance.init(RuntimeInstance.java:240)
	at org.apache.velocity.runtime.RuntimeInstance.parse(RuntimeInstance.java:993)
	at org.apache.velocity.runtime.RuntimeInstance.parse(RuntimeInstance.java:972)
	at org.apache.velocity.runtime.RuntimeSingleton.parse(RuntimeSingleton.java:265)
	at org.apache.velocity.app.Velocity.evaluate(Velocity.java:274)
	at org.sonatype.mavenbook.weather.WeatherFormatter.format(WeatherFormatter.java:21)
	at org.sonatype.mavenbook.weather.yahoo.WeatherFormatterTest.testFormat(WeatherFormatterTest.java:23)
	at java.base/jdk.internal.reflect.NativeMethodAccessorImpl.invoke0(Native Method)
	at java.base/jdk.internal.reflect.NativeMethodAccessorImpl.invoke(NativeMethodAccessorImpl.java:62)
	at java.base/jdk.internal.reflect.DelegatingMethodAccessorImpl.invoke(DelegatingMethodAccessorImpl.java:43)
	at java.base/java.lang.reflect.Method.invoke(Method.java:564)
	at junit.framework.TestCase.runTest(TestCase.java:154)
	at junit.framework.TestCase.runBare(TestCase.java:127)
	at junit.framework.TestResult$1.protect(TestResult.java:106)
	at junit.framework.TestResult.runProtected(TestResult.java:124)
	at junit.framework.TestResult.run(TestResult.java:109)
	at junit.framework.TestCase.run(TestCase.java:118)
	at junit.framework.TestSuite.runTest(TestSuite.java:208)
	at junit.framework.TestSuite.run(TestSuite.java:203)
	at java.base/jdk.internal.reflect.NativeMethodAccessorImpl.invoke0(Native Method)
	at java.base/jdk.internal.reflect.NativeMethodAccessorImpl.invoke(NativeMethodAccessorImpl.java:62)
	at java.base/jdk.internal.reflect.DelegatingMethodAccessorImpl.invoke(DelegatingMethodAccessorImpl.java:43)
	at java.base/java.lang.reflect.Method.invoke(Method.java:564)
	at org.apache.maven.surefire.junit.JUnitTestSet.execute(JUnitTestSet.java:95)
	at org.apache.maven.surefire.junit.JUnit3Provider.executeTestSet(JUnit3Provider.java:121)
	at org.apache.maven.surefire.junit.JUnit3Provider.invoke(JUnit3Provider.java:98)
	at java.base/jdk.internal.reflect.NativeMethodAccessorImpl.invoke0(Native Method)
	at java.base/jdk.internal.reflect.NativeMethodAccessorImpl.invoke(NativeMethodAccessorImpl.java:62)
	at java.base/jdk.internal.reflect.DelegatingMethodAccessorImpl.invoke(DelegatingMethodAccessorImpl.java:43)
	at java.base/java.lang.reflect.Method.invoke(Method.java:564)
	at org.apache.maven.surefire.util.ReflectionUtils.invokeMethodWithArray(ReflectionUtils.java:189)
	at org.apache.maven.surefire.booter.ProviderFactory$ProviderProxy.invoke(ProviderFactory.java:165)
	at org.apache.maven.surefire.booter.ProviderFactory.invokeProvider(ProviderFactory.java:85)
	at org.apache.maven.surefire.booter.ForkedBooter.runSuitesInProcess(ForkedBooter.java:115)
	at org.apache.maven.surefire.booter.ForkedBooter.main(ForkedBooter.java:75)
Caused by: java.lang.ClassNotFoundException: org.apache.log.format.Formatter
	at java.base/jdk.internal.loader.BuiltinClassLoader.loadClass(BuiltinClassLoader.java:582)
	at java.base/jdk.internal.loader.ClassLoaders$AppClassLoader.loadClass(ClassLoaders.java:185)
	at java.base/java.lang.ClassLoader.loadClass(ClassLoader.java:496)
	... 42 more
2018-02-28 17:06:29,322 - Trying to use logger class org.apache.velocity.runtime.log.Log4JLogChute
2018-02-28 17:06:29,322 - Using logger class org.apache.velocity.runtime.log.Log4JLogChute
2018-02-28 17:06:29,324 - Default ResourceManager initializing. (class org.apache.velocity.runtime.resource.ResourceManagerImpl)
2018-02-28 17:06:29,325 - ResourceLoader instantiated: org.apache.velocity.runtime.resource.loader.FileResourceLoader
2018-02-28 17:06:29,326 - Do unicode file recognition:  false
2018-02-28 17:06:29,326 - FileResourceLoader : adding path '.'
2018-02-28 17:06:29,332 - ResourceCache: initialized (class org.apache.velocity.runtime.resource.ResourceCacheImpl)
2018-02-28 17:06:29,333 - Loaded System Directive: org.apache.velocity.runtime.directive.Literal
2018-02-28 17:06:29,333 - Loaded System Directive: org.apache.velocity.runtime.directive.Macro
2018-02-28 17:06:29,334 - Loaded System Directive: org.apache.velocity.runtime.directive.Parse
2018-02-28 17:06:29,335 - Loaded System Directive: org.apache.velocity.runtime.directive.Include
2018-02-28 17:06:29,335 - Loaded System Directive: org.apache.velocity.runtime.directive.Foreach
2018-02-28 17:06:29,349 - Created '20' parsers.
2018-02-28 17:06:29,351 - Velocimacro : "velocimacro.library" is not set.  Trying default library: VM_global_library.vm
2018-02-28 17:06:29,352 - Velocimacro : Default library not found.
2018-02-28 17:06:29,352 - Velocimacro : allowInline = true : VMs can be defined inline in templates
2018-02-28 17:06:29,352 - Velocimacro : allowInlineToOverride = false : VMs defined inline may NOT replace previous VM definitions
2018-02-28 17:06:29,352 - Velocimacro : allowInlineLocal = false : VMs defined inline will be global in scope if allowed.
2018-02-28 17:06:29,352 - Velocimacro : autoload off : VM system will not automatically reload global library macros
